<?xml version="1.0" encoding="UTF-8"?>
<!-- Generated by org.testng.reporters.JUnitReportReporter -->
<testsuite hostname="DESKTOP-2TVT4LD" failures="0" tests="1" name="com.ExcelOperations.ExcelOperations" time="0.946" errors="0" timestamp="2023-12-21T00:34:01 IST" skipped="0">
  <testcase classname="com.ExcelOperations.ExcelOperations" name="Reuse" time="0.946"/>
</testsuite> <!-- com.ExcelOperations.ExcelOperations -->
