<?xml version="1.0" encoding="UTF-8"?>
<!-- Generated by org.testng.reporters.JUnitReportReporter -->
<testsuite hostname="DESKTOP-2TVT4LD" failures="0" tests="2" name="com.TestNGAnnotations.OHRM_AddEmployee" time="0.014" errors="0" timestamp="2023-12-21T00:35:34 IST" skipped="0">
  <testcase classname="com.TestNGAnnotations.OHRM_AddEmployee" name="LoginWithValidData" time="0.012"/>
  <testcase classname="com.TestNGAnnotations.OHRM_AddEmployee" name="MyName" time="0.002"/>
</testsuite> <!-- com.TestNGAnnotations.OHRM_AddEmployee -->
